
ERR [20170315-16:21:44.905] thr=1   paramiko.transport: Exception: Error reading SSH protocol banner[Errno 104] Connection reset by peer
ERR [20170315-16:21:44.908] thr=1   paramiko.transport: Traceback (most recent call last):
ERR [20170315-16:21:44.908] thr=1   paramiko.transport:   File "build/bdist.linux-x86_64/egg/paramiko/transport.py", line 1749, in run
ERR [20170315-16:21:44.909] thr=1   paramiko.transport:     self._check_banner()
ERR [20170315-16:21:44.909] thr=1   paramiko.transport:   File "build/bdist.linux-x86_64/egg/paramiko/transport.py", line 1897, in _check_banner
ERR [20170315-16:21:44.909] thr=1   paramiko.transport:     raise SSHException('Error reading SSH protocol banner' + str(e))
ERR [20170315-16:21:44.909] thr=1   paramiko.transport: SSHException: Error reading SSH protocol banner[Errno 104] Connection reset by peer
ERR [20170315-16:21:44.909] thr=1   paramiko.transport: 
ERR [20170315-17:19:18.980] thr=2   paramiko.transport: Exception: Error reading SSH protocol banner[Errno 104] Connection reset by peer
ERR [20170315-17:19:18.981] thr=2   paramiko.transport: Traceback (most recent call last):
ERR [20170315-17:19:18.981] thr=2   paramiko.transport:   File "build/bdist.linux-x86_64/egg/paramiko/transport.py", line 1749, in run
ERR [20170315-17:19:18.981] thr=2   paramiko.transport:     self._check_banner()
ERR [20170315-17:19:18.981] thr=2   paramiko.transport:   File "build/bdist.linux-x86_64/egg/paramiko/transport.py", line 1897, in _check_banner
ERR [20170315-17:19:18.981] thr=2   paramiko.transport:     raise SSHException('Error reading SSH protocol banner' + str(e))
ERR [20170315-17:19:18.981] thr=2   paramiko.transport: SSHException: Error reading SSH protocol banner[Errno 104] Connection reset by peer
ERR [20170315-17:19:18.981] thr=2   paramiko.transport: 
ERR [20170315-19:00:31.364] thr=1   paramiko.transport: Exception: Error reading SSH protocol banner[Errno 104] Connection reset by peer
ERR [20170315-19:00:31.369] thr=1   paramiko.transport: Traceback (most recent call last):
ERR [20170315-19:00:31.369] thr=1   paramiko.transport:   File "build/bdist.linux-x86_64/egg/paramiko/transport.py", line 1749, in run
ERR [20170315-19:00:31.369] thr=1   paramiko.transport:     self._check_banner()
ERR [20170315-19:00:31.369] thr=1   paramiko.transport:   File "build/bdist.linux-x86_64/egg/paramiko/transport.py", line 1897, in _check_banner
ERR [20170315-19:00:31.369] thr=1   paramiko.transport:     raise SSHException('Error reading SSH protocol banner' + str(e))
ERR [20170315-19:00:31.369] thr=1   paramiko.transport: SSHException: Error reading SSH protocol banner[Errno 104] Connection reset by peer
ERR [20170315-19:00:31.369] thr=1   paramiko.transport: 
ERR [20170315-20:20:50.519] thr=2   paramiko.transport: Exception: Error reading SSH protocol banner
ERR [20170315-20:20:50.523] thr=2   paramiko.transport: Traceback (most recent call last):
ERR [20170315-20:20:50.523] thr=2   paramiko.transport:   File "build/bdist.linux-x86_64/egg/paramiko/transport.py", line 1749, in run
ERR [20170315-20:20:50.523] thr=2   paramiko.transport:     self._check_banner()
ERR [20170315-20:20:50.523] thr=2   paramiko.transport:   File "build/bdist.linux-x86_64/egg/paramiko/transport.py", line 1897, in _check_banner
ERR [20170315-20:20:50.523] thr=2   paramiko.transport:     raise SSHException('Error reading SSH protocol banner' + str(e))
ERR [20170315-20:20:50.523] thr=2   paramiko.transport: SSHException: Error reading SSH protocol banner
ERR [20170315-20:20:50.523] thr=2   paramiko.transport: 
ERR [20170316-00:23:39.267] thr=3   paramiko.transport: Exception: Error reading SSH protocol banner
ERR [20170316-00:23:39.268] thr=3   paramiko.transport: Traceback (most recent call last):
ERR [20170316-00:23:39.268] thr=3   paramiko.transport:   File "build/bdist.linux-x86_64/egg/paramiko/transport.py", line 1749, in run
ERR [20170316-00:23:39.269] thr=3   paramiko.transport:     self._check_banner()
ERR [20170316-00:23:39.269] thr=3   paramiko.transport:   File "build/bdist.linux-x86_64/egg/paramiko/transport.py", line 1897, in _check_banner
ERR [20170316-00:23:39.269] thr=3   paramiko.transport:     raise SSHException('Error reading SSH protocol banner' + str(e))
ERR [20170316-00:23:39.269] thr=3   paramiko.transport: SSHException: Error reading SSH protocol banner
ERR [20170316-00:23:39.270] thr=3   paramiko.transport: 
ERR [20170316-01:42:57.402] thr=4   paramiko.transport: Exception: Error reading SSH protocol banner
ERR [20170316-01:42:57.406] thr=4   paramiko.transport: Traceback (most recent call last):
ERR [20170316-01:42:57.406] thr=4   paramiko.transport:   File "build/bdist.linux-x86_64/egg/paramiko/transport.py", line 1749, in run
ERR [20170316-01:42:57.406] thr=4   paramiko.transport:     self._check_banner()
ERR [20170316-01:42:57.406] thr=4   paramiko.transport:   File "build/bdist.linux-x86_64/egg/paramiko/transport.py", line 1897, in _check_banner
ERR [20170316-01:42:57.406] thr=4   paramiko.transport:     raise SSHException('Error reading SSH protocol banner' + str(e))
ERR [20170316-01:42:57.406] thr=4   paramiko.transport: SSHException: Error reading SSH protocol banner
ERR [20170316-01:42:57.407] thr=4   paramiko.transport: 
ERR [20170316-10:04:16.427] thr=5   paramiko.transport: Exception: Error reading SSH protocol banner
ERR [20170316-10:04:16.427] thr=5   paramiko.transport: Traceback (most recent call last):
ERR [20170316-10:04:16.427] thr=5   paramiko.transport:   File "build/bdist.linux-x86_64/egg/paramiko/transport.py", line 1749, in run
ERR [20170316-10:04:16.427] thr=5   paramiko.transport:     self._check_banner()
ERR [20170316-10:04:16.428] thr=5   paramiko.transport:   File "build/bdist.linux-x86_64/egg/paramiko/transport.py", line 1897, in _check_banner
ERR [20170316-10:04:16.428] thr=5   paramiko.transport:     raise SSHException('Error reading SSH protocol banner' + str(e))
ERR [20170316-10:04:16.428] thr=5   paramiko.transport: SSHException: Error reading SSH protocol banner
ERR [20170316-10:04:16.428] thr=5   paramiko.transport: 
